<?xml version="1.0" encoding="utf-8"?>
<TestRun id="f6a588c1-ef2e-4cb5-8a6b-c910702aadb9" name="@pkrvmf6wy0o8zjz 2025-06-05 05:52:04" xmlns="http://microsoft.com/schemas/VisualStudio/TeamTest/2010">
  <Times creation="2025-06-05T05:52:04.6765258+00:00" queuing="2025-06-05T05:52:04.6765259+00:00" start="2025-06-05T05:52:03.0495636+00:00" finish="2025-06-05T05:52:04.6847348+00:00" />
  <TestSettings name="default" id="dc3fe758-9a1c-4d36-8ff1-2eb67aa1f5b9">
    <Deployment runDeploymentRoot="_pkrvmf6wy0o8zjz_2025-06-05_05_52_04" />
  </TestSettings>
  <Results>
    <UnitTestResult executionId="137dd90b-1d96-450d-bebb-918f7898b14e" testId="a13f4f6e-3083-76cd-593e-48118f2f1bb2" testName="UsuarioDivideDosNumerosYElResultadoEsCorrecto" computerName="pkrvmf6wy0o8zjz" duration="00:00:00.1936240" startTime="2025-06-05T05:52:04.0644253+00:00" endTime="2025-06-05T05:52:04.2579675+00:00" testType="13cdc9d9-ddb5-4fa4-a97d-d965ccfc6d4b" outcome="Passed" testListId="8c84fa94-04c1-424b-9868-57a2d4851a1d" relativeResultsDirectory="137dd90b-1d96-450d-bebb-918f7898b14e">
      <Output>
        <StdOut>Given El numero 10
-&gt; done: CalculatorTests.DadoElNumero(10) (0.0s)
And el numero 5
-&gt; done: CalculatorTests.yElNumero(5) (0.0s)
When divido
-&gt; done: CalculatorTests.CuandoDivido() (0.0s)
Then el resultado es 2
-&gt; done: CalculatorTests.EntoncesElResultadoDeberiaSer(2) (0.0s)</StdOut>
      </Output>
    </UnitTestResult>
    <UnitTestResult executionId="123f0816-ee57-4695-9e1c-f7dee9ec657a" testId="70090154-d662-1ffb-c3d7-4b04b0aeaa67" testName="UsuarioSumaDosNumerosYElResultadoEsCorrecto" computerName="pkrvmf6wy0o8zjz" duration="00:00:00.0008620" startTime="2025-06-05T05:52:04.2676475+00:00" endTime="2025-06-05T05:52:04.2685098+00:00" testType="13cdc9d9-ddb5-4fa4-a97d-d965ccfc6d4b" outcome="Passed" testListId="8c84fa94-04c1-424b-9868-57a2d4851a1d" relativeResultsDirectory="123f0816-ee57-4695-9e1c-f7dee9ec657a">
      <Output>
        <StdOut>Given El numero 10
-&gt; done: CalculatorTests.DadoElNumero(10) (0.0s)
And el numero 5
-&gt; done: CalculatorTests.yElNumero(5) (0.0s)
When sumo
-&gt; done: CalculatorTests.CuandoSumo() (0.0s)
Then el resultado es 15
-&gt; done: CalculatorTests.EntoncesElResultadoDeberiaSer(15) (0.0s)</StdOut>
      </Output>
    </UnitTestResult>
    <UnitTestResult executionId="8219bb63-de56-4bed-b73d-2141d742962f" testId="5a8169f3-265a-3b8d-37e9-001613431ec9" testName="UsuarioRestaDosNumerosYElResultadoEsCorrecto" computerName="pkrvmf6wy0o8zjz" duration="00:00:00.0008980" startTime="2025-06-05T05:52:04.2667368+00:00" endTime="2025-06-05T05:52:04.2676350+00:00" testType="13cdc9d9-ddb5-4fa4-a97d-d965ccfc6d4b" outcome="Passed" testListId="8c84fa94-04c1-424b-9868-57a2d4851a1d" relativeResultsDirectory="8219bb63-de56-4bed-b73d-2141d742962f">
      <Output>
        <StdOut>Given El numero 10
-&gt; done: CalculatorTests.DadoElNumero(10) (0.0s)
And el numero 5
-&gt; done: CalculatorTests.yElNumero(5) (0.0s)
When resto
-&gt; done: CalculatorTests.CuandoResto() (0.0s)
Then el resultado es 5
-&gt; done: CalculatorTests.EntoncesElResultadoDeberiaSer(5) (0.0s)</StdOut>
      </Output>
    </UnitTestResult>
    <UnitTestResult executionId="d7fca3fc-deeb-412b-96e5-d0eb9ce452ad" testId="e0b8d05d-c62b-1b60-4017-230f0fbde7e9" testName="UsuarioMultiplicaDosNumerosYElResultadoEsCorrecto" computerName="pkrvmf6wy0o8zjz" duration="00:00:00.0010190" startTime="2025-06-05T05:52:04.2657055+00:00" endTime="2025-06-05T05:52:04.2667240+00:00" testType="13cdc9d9-ddb5-4fa4-a97d-d965ccfc6d4b" outcome="Passed" testListId="8c84fa94-04c1-424b-9868-57a2d4851a1d" relativeResultsDirectory="d7fca3fc-deeb-412b-96e5-d0eb9ce452ad">
      <Output>
        <StdOut>Given El numero 10
-&gt; done: CalculatorTests.DadoElNumero(10) (0.0s)
And el numero 5
-&gt; done: CalculatorTests.yElNumero(5) (0.0s)
When multiplico
-&gt; done: CalculatorTests.CuandoMultiplico() (0.0s)
Then el resultado es 50
-&gt; done: CalculatorTests.EntoncesElResultadoDeberiaSer(50) (0.0s)</StdOut>
      </Output>
    </UnitTestResult>
    <UnitTestResult executionId="5496d68b-d505-49b9-abc2-50943229c710" testId="e14bf945-c03b-176e-2c25-b6d96f3bdc02" testName="UsuarioIntentaDividirPorCeroYObtieneError" computerName="pkrvmf6wy0o8zjz" duration="00:00:00.0064980" startTime="2025-06-05T05:52:04.2591895+00:00" endTime="2025-06-05T05:52:04.2656872+00:00" testType="13cdc9d9-ddb5-4fa4-a97d-d965ccfc6d4b" outcome="Passed" testListId="8c84fa94-04c1-424b-9868-57a2d4851a1d" relativeResultsDirectory="5496d68b-d505-49b9-abc2-50943229c710">
      <Output>
        <StdOut>Given El numero 10
-&gt; done: CalculatorTests.DadoElNumero(10) (0.0s)
And el numero 0
-&gt; done: CalculatorTests.yElNumero(0) (0.0s)
When divido
-&gt; done: CalculatorTests.CuandoDivido() (0.0s)
Then obtengo una excepcion de division por cero
-&gt; done: CalculatorTests.EntoncesObtengoUnaExcepcionDeDivisionPorCero() (0.0s)</StdOut>
      </Output>
    </UnitTestResult>
  </Results>
  <TestDefinitions>
    <UnitTest name="UsuarioDivideDosNumerosYElResultadoEsCorrecto" storage="/home/runner/work/lab-2025-i-si784-u2-08-cs-aakhtar004/lab-2025-i-si784-u2-08-cs-aakhtar004/calculator/calculator.domain.tests/bin/debug/net8.0/calculator.domain.tests.dll" id="a13f4f6e-3083-76cd-593e-48118f2f1bb2">
      <Execution id="137dd90b-1d96-450d-bebb-918f7898b14e" />
      <TestMethod codeBase="/home/runner/work/lab-2025-i-si784-u2-08-cs-Aakhtar004/lab-2025-i-si784-u2-08-cs-Aakhtar004/Calculator/Calculator.Domain.Tests/bin/Debug/net8.0/Calculator.Domain.Tests.dll" adapterTypeName="executor://nunit3testexecutor/" className="Calculator.Domain.Tests.Features.ComoUsuarioQuieroHacerOperacionesAritmeticasParaCalcularResultadosFeature" name="UsuarioDivideDosNumerosYElResultadoEsCorrecto" />
    </UnitTest>
    <UnitTest name="UsuarioSumaDosNumerosYElResultadoEsCorrecto" storage="/home/runner/work/lab-2025-i-si784-u2-08-cs-aakhtar004/lab-2025-i-si784-u2-08-cs-aakhtar004/calculator/calculator.domain.tests/bin/debug/net8.0/calculator.domain.tests.dll" id="70090154-d662-1ffb-c3d7-4b04b0aeaa67">
      <Execution id="123f0816-ee57-4695-9e1c-f7dee9ec657a" />
      <TestMethod codeBase="/home/runner/work/lab-2025-i-si784-u2-08-cs-Aakhtar004/lab-2025-i-si784-u2-08-cs-Aakhtar004/Calculator/Calculator.Domain.Tests/bin/Debug/net8.0/Calculator.Domain.Tests.dll" adapterTypeName="executor://nunit3testexecutor/" className="Calculator.Domain.Tests.Features.ComoUsuarioQuieroHacerOperacionesAritmeticasParaCalcularResultadosFeature" name="UsuarioSumaDosNumerosYElResultadoEsCorrecto" />
    </UnitTest>
    <UnitTest name="UsuarioIntentaDividirPorCeroYObtieneError" storage="/home/runner/work/lab-2025-i-si784-u2-08-cs-aakhtar004/lab-2025-i-si784-u2-08-cs-aakhtar004/calculator/calculator.domain.tests/bin/debug/net8.0/calculator.domain.tests.dll" id="e14bf945-c03b-176e-2c25-b6d96f3bdc02">
      <Execution id="5496d68b-d505-49b9-abc2-50943229c710" />
      <TestMethod codeBase="/home/runner/work/lab-2025-i-si784-u2-08-cs-Aakhtar004/lab-2025-i-si784-u2-08-cs-Aakhtar004/Calculator/Calculator.Domain.Tests/bin/Debug/net8.0/Calculator.Domain.Tests.dll" adapterTypeName="executor://nunit3testexecutor/" className="Calculator.Domain.Tests.Features.ComoUsuarioQuieroHacerOperacionesAritmeticasParaCalcularResultadosFeature" name="UsuarioIntentaDividirPorCeroYObtieneError" />
    </UnitTest>
    <UnitTest name="UsuarioMultiplicaDosNumerosYElResultadoEsCorrecto" storage="/home/runner/work/lab-2025-i-si784-u2-08-cs-aakhtar004/lab-2025-i-si784-u2-08-cs-aakhtar004/calculator/calculator.domain.tests/bin/debug/net8.0/calculator.domain.tests.dll" id="e0b8d05d-c62b-1b60-4017-230f0fbde7e9">
      <Execution id="d7fca3fc-deeb-412b-96e5-d0eb9ce452ad" />
      <TestMethod codeBase="/home/runner/work/lab-2025-i-si784-u2-08-cs-Aakhtar004/lab-2025-i-si784-u2-08-cs-Aakhtar004/Calculator/Calculator.Domain.Tests/bin/Debug/net8.0/Calculator.Domain.Tests.dll" adapterTypeName="executor://nunit3testexecutor/" className="Calculator.Domain.Tests.Features.ComoUsuarioQuieroHacerOperacionesAritmeticasParaCalcularResultadosFeature" name="UsuarioMultiplicaDosNumerosYElResultadoEsCorrecto" />
    </UnitTest>
    <UnitTest name="UsuarioRestaDosNumerosYElResultadoEsCorrecto" storage="/home/runner/work/lab-2025-i-si784-u2-08-cs-aakhtar004/lab-2025-i-si784-u2-08-cs-aakhtar004/calculator/calculator.domain.tests/bin/debug/net8.0/calculator.domain.tests.dll" id="5a8169f3-265a-3b8d-37e9-001613431ec9">
      <Execution id="8219bb63-de56-4bed-b73d-2141d742962f" />
      <TestMethod codeBase="/home/runner/work/lab-2025-i-si784-u2-08-cs-Aakhtar004/lab-2025-i-si784-u2-08-cs-Aakhtar004/Calculator/Calculator.Domain.Tests/bin/Debug/net8.0/Calculator.Domain.Tests.dll" adapterTypeName="executor://nunit3testexecutor/" className="Calculator.Domain.Tests.Features.ComoUsuarioQuieroHacerOperacionesAritmeticasParaCalcularResultadosFeature" name="UsuarioRestaDosNumerosYElResultadoEsCorrecto" />
    </UnitTest>
  </TestDefinitions>
  <TestEntries>
    <TestEntry testId="a13f4f6e-3083-76cd-593e-48118f2f1bb2" executionId="137dd90b-1d96-450d-bebb-918f7898b14e" testListId="8c84fa94-04c1-424b-9868-57a2d4851a1d" />
    <TestEntry testId="70090154-d662-1ffb-c3d7-4b04b0aeaa67" executionId="123f0816-ee57-4695-9e1c-f7dee9ec657a" testListId="8c84fa94-04c1-424b-9868-57a2d4851a1d" />
    <TestEntry testId="5a8169f3-265a-3b8d-37e9-001613431ec9" executionId="8219bb63-de56-4bed-b73d-2141d742962f" testListId="8c84fa94-04c1-424b-9868-57a2d4851a1d" />
    <TestEntry testId="e0b8d05d-c62b-1b60-4017-230f0fbde7e9" executionId="d7fca3fc-deeb-412b-96e5-d0eb9ce452ad" testListId="8c84fa94-04c1-424b-9868-57a2d4851a1d" />
    <TestEntry testId="e14bf945-c03b-176e-2c25-b6d96f3bdc02" executionId="5496d68b-d505-49b9-abc2-50943229c710" testListId="8c84fa94-04c1-424b-9868-57a2d4851a1d" />
  </TestEntries>
  <TestLists>
    <TestList name="Results Not in a List" id="8c84fa94-04c1-424b-9868-57a2d4851a1d" />
    <TestList name="All Loaded Results" id="19431567-8539-422a-85d7-44ee4e166bda" />
  </TestLists>
  <ResultSummary outcome="Completed">
    <Counters total="5" executed="5" passed="5" failed="0" error="0" timeout="0" aborted="0" inconclusive="0" passedButRunAborted="0" notRunnable="0" notExecuted="0" disconnected="0" warning="0" completed="0" inProgress="0" pending="0" />
    <Output>
      <StdOut>NUnit Adapter 4.6.0.0: Test execution started
Running all tests in /home/runner/work/lab-2025-i-si784-u2-08-cs-Aakhtar004/lab-2025-i-si784-u2-08-cs-Aakhtar004/Calculator/Calculator.Domain.Tests/bin/Debug/net8.0/Calculator.Domain.Tests.dll
   NUnit3TestExecutor discovered 5 of 5 NUnit test cases using Current Discovery mode, Non-Explicit run
Given El numero 10
-&gt; done: CalculatorTests.DadoElNumero(10) (0.0s)
And el numero 5
-&gt; done: CalculatorTests.yElNumero(5) (0.0s)
When divido
-&gt; done: CalculatorTests.CuandoDivido() (0.0s)
Then el resultado es 2
-&gt; done: CalculatorTests.EntoncesElResultadoDeberiaSer(2) (0.0s)

Given El numero 10
-&gt; done: CalculatorTests.DadoElNumero(10) (0.0s)
And el numero 0
-&gt; done: CalculatorTests.yElNumero(0) (0.0s)
When divido
-&gt; done: CalculatorTests.CuandoDivido() (0.0s)
Then obtengo una excepcion de division por cero
-&gt; done: CalculatorTests.EntoncesObtengoUnaExcepcionDeDivisionPorCero() (0.0s)

Given El numero 10
-&gt; done: CalculatorTests.DadoElNumero(10) (0.0s)
And el numero 5
-&gt; done: CalculatorTests.yElNumero(5) (0.0s)
When multiplico
-&gt; done: CalculatorTests.CuandoMultiplico() (0.0s)
Then el resultado es 50
-&gt; done: CalculatorTests.EntoncesElResultadoDeberiaSer(50) (0.0s)

Given El numero 10
-&gt; done: CalculatorTests.DadoElNumero(10) (0.0s)
And el numero 5
-&gt; done: CalculatorTests.yElNumero(5) (0.0s)
When resto
-&gt; done: CalculatorTests.CuandoResto() (0.0s)
Then el resultado es 5
-&gt; done: CalculatorTests.EntoncesElResultadoDeberiaSer(5) (0.0s)

Given El numero 10
-&gt; done: CalculatorTests.DadoElNumero(10) (0.0s)
And el numero 5
-&gt; done: CalculatorTests.yElNumero(5) (0.0s)
When sumo
-&gt; done: CalculatorTests.CuandoSumo() (0.0s)
Then el resultado es 15
-&gt; done: CalculatorTests.EntoncesElResultadoDeberiaSer(15) (0.0s)

NUnit Adapter 4.6.0.0: Test execution complete
</StdOut>
    </Output>
    <CollectorDataEntries>
      <Collector agentName="pkrvmf6wy0o8zjz" uri="datacollector://microsoft/CoverletCodeCoverage/1.0" collectorDisplayName="XPlat code coverage">
        <UriAttachments>
          <UriAttachment>
            <A href="pkrvmf6wy0o8zjz/coverage.cobertura.xml"></A>
          </UriAttachment>
        </UriAttachments>
      </Collector>
    </CollectorDataEntries>
  </ResultSummary>
</TestRun>