<?xml version="1.0" encoding="utf-8"?>
<TestRun id="fd70c1e3-59b4-42bb-9063-463fb212f4fa" name="@pkrvmf6wy0o8zjz 2025-06-05 05:58:47" xmlns="http://microsoft.com/schemas/VisualStudio/TeamTest/2010">
  <Times creation="2025-06-05T05:58:47.4350001+00:00" queuing="2025-06-05T05:58:47.4350002+00:00" start="2025-06-05T05:58:45.5938653+00:00" finish="2025-06-05T05:58:47.4448376+00:00" />
  <TestSettings name="default" id="ff851e45-dc3e-4829-9a85-ab343a0c7604">
    <Deployment runDeploymentRoot="_pkrvmf6wy0o8zjz_2025-06-05_05_58_47" />
  </TestSettings>
  <Results>
    <UnitTestResult executionId="8f48294e-9eae-448a-9625-6ac6d9f26220" testId="e14bf945-c03b-176e-2c25-b6d96f3bdc02" testName="UsuarioIntentaDividirPorCeroYObtieneError" computerName="pkrvmf6wy0o8zjz" duration="00:00:00.0061910" startTime="2025-06-05T05:58:47.0148878+00:00" endTime="2025-06-05T05:58:47.0210786+00:00" testType="13cdc9d9-ddb5-4fa4-a97d-d965ccfc6d4b" outcome="Passed" testListId="8c84fa94-04c1-424b-9868-57a2d4851a1d" relativeResultsDirectory="8f48294e-9eae-448a-9625-6ac6d9f26220">
      <Output>
        <StdOut>Given El numero 10
-&gt; done: CalculatorTests.DadoElNumero(10) (0.0s)
And el numero 0
-&gt; done: CalculatorTests.yElNumero(0) (0.0s)
When divido
-&gt; done: CalculatorTests.CuandoDivido() (0.0s)
Then obtengo una excepcion de division por cero
-&gt; done: CalculatorTests.EntoncesObtengoUnaExcepcionDeDivisionPorCero() (0.0s)</StdOut>
      </Output>
    </UnitTestResult>
    <UnitTestResult executionId="ea4b0a13-f25d-4c26-a5f4-14f575f95029" testId="5a8169f3-265a-3b8d-37e9-001613431ec9" testName="UsuarioRestaDosNumerosYElResultadoEsCorrecto" computerName="pkrvmf6wy0o8zjz" duration="00:00:00.0008980" startTime="2025-06-05T05:58:47.0220596+00:00" endTime="2025-06-05T05:58:47.0229577+00:00" testType="13cdc9d9-ddb5-4fa4-a97d-d965ccfc6d4b" outcome="Passed" testListId="8c84fa94-04c1-424b-9868-57a2d4851a1d" relativeResultsDirectory="ea4b0a13-f25d-4c26-a5f4-14f575f95029">
      <Output>
        <StdOut>Given El numero 10
-&gt; done: CalculatorTests.DadoElNumero(10) (0.0s)
And el numero 5
-&gt; done: CalculatorTests.yElNumero(5) (0.0s)
When resto
-&gt; done: CalculatorTests.CuandoResto() (0.0s)
Then el resultado es 5
-&gt; done: CalculatorTests.EntoncesElResultadoDeberiaSer(5) (0.0s)</StdOut>
      </Output>
    </UnitTestResult>
    <UnitTestResult executionId="2e04c965-b6a6-47f1-aedf-538a93965ed3" testId="70090154-d662-1ffb-c3d7-4b04b0aeaa67" testName="UsuarioSumaDosNumerosYElResultadoEsCorrecto" computerName="pkrvmf6wy0o8zjz" duration="00:00:00.0008620" startTime="2025-06-05T05:58:47.0229706+00:00" endTime="2025-06-05T05:58:47.0238328+00:00" testType="13cdc9d9-ddb5-4fa4-a97d-d965ccfc6d4b" outcome="Passed" testListId="8c84fa94-04c1-424b-9868-57a2d4851a1d" relativeResultsDirectory="2e04c965-b6a6-47f1-aedf-538a93965ed3">
      <Output>
        <StdOut>Given El numero 10
-&gt; done: CalculatorTests.DadoElNumero(10) (0.0s)
And el numero 5
-&gt; done: CalculatorTests.yElNumero(5) (0.0s)
When sumo
-&gt; done: CalculatorTests.CuandoSumo() (0.0s)
Then el resultado es 15
-&gt; done: CalculatorTests.EntoncesElResultadoDeberiaSer(15) (0.0s)</StdOut>
      </Output>
    </UnitTestResult>
    <UnitTestResult executionId="78b2f67d-2f82-4247-84b2-188027292806" testId="e0b8d05d-c62b-1b60-4017-230f0fbde7e9" testName="UsuarioMultiplicaDosNumerosYElResultadoEsCorrecto" computerName="pkrvmf6wy0o8zjz" duration="00:00:00.0009330" startTime="2025-06-05T05:58:47.0210981+00:00" endTime="2025-06-05T05:58:47.0220314+00:00" testType="13cdc9d9-ddb5-4fa4-a97d-d965ccfc6d4b" outcome="Passed" testListId="8c84fa94-04c1-424b-9868-57a2d4851a1d" relativeResultsDirectory="78b2f67d-2f82-4247-84b2-188027292806">
      <Output>
        <StdOut>Given El numero 10
-&gt; done: CalculatorTests.DadoElNumero(10) (0.0s)
And el numero 5
-&gt; done: CalculatorTests.yElNumero(5) (0.0s)
When multiplico
-&gt; done: CalculatorTests.CuandoMultiplico() (0.0s)
Then el resultado es 50
-&gt; done: CalculatorTests.EntoncesElResultadoDeberiaSer(50) (0.0s)</StdOut>
      </Output>
    </UnitTestResult>
    <UnitTestResult executionId="4f888754-c2e1-4dd6-8d59-251183c81ad5" testId="a13f4f6e-3083-76cd-593e-48118f2f1bb2" testName="UsuarioDivideDosNumerosYElResultadoEsCorrecto" computerName="pkrvmf6wy0o8zjz" duration="00:00:00.3905320" startTime="2025-06-05T05:58:46.6232827+00:00" endTime="2025-06-05T05:58:47.0137706+00:00" testType="13cdc9d9-ddb5-4fa4-a97d-d965ccfc6d4b" outcome="Passed" testListId="8c84fa94-04c1-424b-9868-57a2d4851a1d" relativeResultsDirectory="4f888754-c2e1-4dd6-8d59-251183c81ad5">
      <Output>
        <StdOut>Given El numero 10
-&gt; done: CalculatorTests.DadoElNumero(10) (0.0s)
And el numero 5
-&gt; done: CalculatorTests.yElNumero(5) (0.0s)
When divido
-&gt; done: CalculatorTests.CuandoDivido() (0.0s)
Then el resultado es 2
-&gt; done: CalculatorTests.EntoncesElResultadoDeberiaSer(2) (0.0s)</StdOut>
      </Output>
    </UnitTestResult>
  </Results>
  <TestDefinitions>
    <UnitTest name="UsuarioDivideDosNumerosYElResultadoEsCorrecto" storage="/home/runner/work/lab-2025-i-si784-u2-08-cs-aakhtar004/lab-2025-i-si784-u2-08-cs-aakhtar004/calculator/calculator.domain.tests/bin/debug/net8.0/calculator.domain.tests.dll" id="a13f4f6e-3083-76cd-593e-48118f2f1bb2">
      <Execution id="4f888754-c2e1-4dd6-8d59-251183c81ad5" />
      <TestMethod codeBase="/home/runner/work/lab-2025-i-si784-u2-08-cs-Aakhtar004/lab-2025-i-si784-u2-08-cs-Aakhtar004/Calculator/Calculator.Domain.Tests/bin/Debug/net8.0/Calculator.Domain.Tests.dll" adapterTypeName="executor://nunit3testexecutor/" className="Calculator.Domain.Tests.Features.ComoUsuarioQuieroHacerOperacionesAritmeticasParaCalcularResultadosFeature" name="UsuarioDivideDosNumerosYElResultadoEsCorrecto" />
    </UnitTest>
    <UnitTest name="UsuarioSumaDosNumerosYElResultadoEsCorrecto" storage="/home/runner/work/lab-2025-i-si784-u2-08-cs-aakhtar004/lab-2025-i-si784-u2-08-cs-aakhtar004/calculator/calculator.domain.tests/bin/debug/net8.0/calculator.domain.tests.dll" id="70090154-d662-1ffb-c3d7-4b04b0aeaa67">
      <Execution id="2e04c965-b6a6-47f1-aedf-538a93965ed3" />
      <TestMethod codeBase="/home/runner/work/lab-2025-i-si784-u2-08-cs-Aakhtar004/lab-2025-i-si784-u2-08-cs-Aakhtar004/Calculator/Calculator.Domain.Tests/bin/Debug/net8.0/Calculator.Domain.Tests.dll" adapterTypeName="executor://nunit3testexecutor/" className="Calculator.Domain.Tests.Features.ComoUsuarioQuieroHacerOperacionesAritmeticasParaCalcularResultadosFeature" name="UsuarioSumaDosNumerosYElResultadoEsCorrecto" />
    </UnitTest>
    <UnitTest name="UsuarioIntentaDividirPorCeroYObtieneError" storage="/home/runner/work/lab-2025-i-si784-u2-08-cs-aakhtar004/lab-2025-i-si784-u2-08-cs-aakhtar004/calculator/calculator.domain.tests/bin/debug/net8.0/calculator.domain.tests.dll" id="e14bf945-c03b-176e-2c25-b6d96f3bdc02">
      <Execution id="8f48294e-9eae-448a-9625-6ac6d9f26220" />
      <TestMethod codeBase="/home/runner/work/lab-2025-i-si784-u2-08-cs-Aakhtar004/lab-2025-i-si784-u2-08-cs-Aakhtar004/Calculator/Calculator.Domain.Tests/bin/Debug/net8.0/Calculator.Domain.Tests.dll" adapterTypeName="executor://nunit3testexecutor/" className="Calculator.Domain.Tests.Features.ComoUsuarioQuieroHacerOperacionesAritmeticasParaCalcularResultadosFeature" name="UsuarioIntentaDividirPorCeroYObtieneError" />
    </UnitTest>
    <UnitTest name="UsuarioMultiplicaDosNumerosYElResultadoEsCorrecto" storage="/home/runner/work/lab-2025-i-si784-u2-08-cs-aakhtar004/lab-2025-i-si784-u2-08-cs-aakhtar004/calculator/calculator.domain.tests/bin/debug/net8.0/calculator.domain.tests.dll" id="e0b8d05d-c62b-1b60-4017-230f0fbde7e9">
      <Execution id="78b2f67d-2f82-4247-84b2-188027292806" />
      <TestMethod codeBase="/home/runner/work/lab-2025-i-si784-u2-08-cs-Aakhtar004/lab-2025-i-si784-u2-08-cs-Aakhtar004/Calculator/Calculator.Domain.Tests/bin/Debug/net8.0/Calculator.Domain.Tests.dll" adapterTypeName="executor://nunit3testexecutor/" className="Calculator.Domain.Tests.Features.ComoUsuarioQuieroHacerOperacionesAritmeticasParaCalcularResultadosFeature" name="UsuarioMultiplicaDosNumerosYElResultadoEsCorrecto" />
    </UnitTest>
    <UnitTest name="UsuarioRestaDosNumerosYElResultadoEsCorrecto" storage="/home/runner/work/lab-2025-i-si784-u2-08-cs-aakhtar004/lab-2025-i-si784-u2-08-cs-aakhtar004/calculator/calculator.domain.tests/bin/debug/net8.0/calculator.domain.tests.dll" id="5a8169f3-265a-3b8d-37e9-001613431ec9">
      <Execution id="ea4b0a13-f25d-4c26-a5f4-14f575f95029" />
      <TestMethod codeBase="/home/runner/work/lab-2025-i-si784-u2-08-cs-Aakhtar004/lab-2025-i-si784-u2-08-cs-Aakhtar004/Calculator/Calculator.Domain.Tests/bin/Debug/net8.0/Calculator.Domain.Tests.dll" adapterTypeName="executor://nunit3testexecutor/" className="Calculator.Domain.Tests.Features.ComoUsuarioQuieroHacerOperacionesAritmeticasParaCalcularResultadosFeature" name="UsuarioRestaDosNumerosYElResultadoEsCorrecto" />
    </UnitTest>
  </TestDefinitions>
  <TestEntries>
    <TestEntry testId="e14bf945-c03b-176e-2c25-b6d96f3bdc02" executionId="8f48294e-9eae-448a-9625-6ac6d9f26220" testListId="8c84fa94-04c1-424b-9868-57a2d4851a1d" />
    <TestEntry testId="5a8169f3-265a-3b8d-37e9-001613431ec9" executionId="ea4b0a13-f25d-4c26-a5f4-14f575f95029" testListId="8c84fa94-04c1-424b-9868-57a2d4851a1d" />
    <TestEntry testId="70090154-d662-1ffb-c3d7-4b04b0aeaa67" executionId="2e04c965-b6a6-47f1-aedf-538a93965ed3" testListId="8c84fa94-04c1-424b-9868-57a2d4851a1d" />
    <TestEntry testId="e0b8d05d-c62b-1b60-4017-230f0fbde7e9" executionId="78b2f67d-2f82-4247-84b2-188027292806" testListId="8c84fa94-04c1-424b-9868-57a2d4851a1d" />
    <TestEntry testId="a13f4f6e-3083-76cd-593e-48118f2f1bb2" executionId="4f888754-c2e1-4dd6-8d59-251183c81ad5" testListId="8c84fa94-04c1-424b-9868-57a2d4851a1d" />
  </TestEntries>
  <TestLists>
    <TestList name="Results Not in a List" id="8c84fa94-04c1-424b-9868-57a2d4851a1d" />
    <TestList name="All Loaded Results" id="19431567-8539-422a-85d7-44ee4e166bda" />
  </TestLists>
  <ResultSummary outcome="Completed">
    <Counters total="5" executed="5" passed="5" failed="0" error="0" timeout="0" aborted="0" inconclusive="0" passedButRunAborted="0" notRunnable="0" notExecuted="0" disconnected="0" warning="0" completed="0" inProgress="0" pending="0" />
    <Output>
      <StdOut>NUnit Adapter 4.6.0.0: Test execution started
Running all tests in /home/runner/work/lab-2025-i-si784-u2-08-cs-Aakhtar004/lab-2025-i-si784-u2-08-cs-Aakhtar004/Calculator/Calculator.Domain.Tests/bin/Debug/net8.0/Calculator.Domain.Tests.dll
   NUnit3TestExecutor discovered 5 of 5 NUnit test cases using Current Discovery mode, Non-Explicit run
Given El numero 10
-&gt; done: CalculatorTests.DadoElNumero(10) (0.0s)
And el numero 5
-&gt; done: CalculatorTests.yElNumero(5) (0.0s)
When divido
-&gt; done: CalculatorTests.CuandoDivido() (0.0s)
Then el resultado es 2
-&gt; done: CalculatorTests.EntoncesElResultadoDeberiaSer(2) (0.0s)

Given El numero 10
-&gt; done: CalculatorTests.DadoElNumero(10) (0.0s)
And el numero 0
-&gt; done: CalculatorTests.yElNumero(0) (0.0s)
When divido
-&gt; done: CalculatorTests.CuandoDivido() (0.0s)
Then obtengo una excepcion de division por cero
-&gt; done: CalculatorTests.EntoncesObtengoUnaExcepcionDeDivisionPorCero() (0.0s)

Given El numero 10
-&gt; done: CalculatorTests.DadoElNumero(10) (0.0s)
And el numero 5
-&gt; done: CalculatorTests.yElNumero(5) (0.0s)
When multiplico
-&gt; done: CalculatorTests.CuandoMultiplico() (0.0s)
Then el resultado es 50
-&gt; done: CalculatorTests.EntoncesElResultadoDeberiaSer(50) (0.0s)

Given El numero 10
-&gt; done: CalculatorTests.DadoElNumero(10) (0.0s)
And el numero 5
-&gt; done: CalculatorTests.yElNumero(5) (0.0s)
When resto
-&gt; done: CalculatorTests.CuandoResto() (0.0s)
Then el resultado es 5
-&gt; done: CalculatorTests.EntoncesElResultadoDeberiaSer(5) (0.0s)

Given El numero 10
-&gt; done: CalculatorTests.DadoElNumero(10) (0.0s)
And el numero 5
-&gt; done: CalculatorTests.yElNumero(5) (0.0s)
When sumo
-&gt; done: CalculatorTests.CuandoSumo() (0.0s)
Then el resultado es 15
-&gt; done: CalculatorTests.EntoncesElResultadoDeberiaSer(15) (0.0s)

NUnit Adapter 4.6.0.0: Test execution complete
</StdOut>
    </Output>
    <CollectorDataEntries>
      <Collector agentName="pkrvmf6wy0o8zjz" uri="datacollector://microsoft/CoverletCodeCoverage/1.0" collectorDisplayName="XPlat code coverage">
        <UriAttachments>
          <UriAttachment>
            <A href="pkrvmf6wy0o8zjz/coverage.cobertura.xml"></A>
          </UriAttachment>
        </UriAttachments>
      </Collector>
    </CollectorDataEntries>
  </ResultSummary>
</TestRun>