<?xml version="1.0" encoding="utf-8"?>
<TestRun id="b382f5ad-e054-41dd-9353-abef2a3c6a36" name="@pkrvmf6wy0o8zjz 2025-06-05 06:01:21" xmlns="http://microsoft.com/schemas/VisualStudio/TeamTest/2010">
  <Times creation="2025-06-05T06:01:21.2960716+00:00" queuing="2025-06-05T06:01:21.2960717+00:00" start="2025-06-05T06:01:19.6005466+00:00" finish="2025-06-05T06:01:21.3050046+00:00" />
  <TestSettings name="default" id="0345ab64-e4b3-4d4c-be61-ba85d570811f">
    <Deployment runDeploymentRoot="_pkrvmf6wy0o8zjz_2025-06-05_06_01_21" />
  </TestSettings>
  <Results>
    <UnitTestResult executionId="a38ac416-75b7-460c-8bd9-3e8fdc214e99" testId="70090154-d662-1ffb-c3d7-4b04b0aeaa67" testName="UsuarioSumaDosNumerosYElResultadoEsCorrecto" computerName="pkrvmf6wy0o8zjz" duration="00:00:00.0012800" startTime="2025-06-05T06:01:20.7989790+00:00" endTime="2025-06-05T06:01:20.8002591+00:00" testType="13cdc9d9-ddb5-4fa4-a97d-d965ccfc6d4b" outcome="Passed" testListId="8c84fa94-04c1-424b-9868-57a2d4851a1d" relativeResultsDirectory="a38ac416-75b7-460c-8bd9-3e8fdc214e99">
      <Output>
        <StdOut>Given El numero 10
-&gt; done: CalculatorTests.DadoElNumero(10) (0.0s)
And el numero 5
-&gt; done: CalculatorTests.yElNumero(5) (0.0s)
When sumo
-&gt; done: CalculatorTests.CuandoSumo() (0.0s)
Then el resultado es 15
-&gt; done: CalculatorTests.EntoncesElResultadoDeberiaSer(15) (0.0s)</StdOut>
      </Output>
    </UnitTestResult>
    <UnitTestResult executionId="89c14777-3576-4e44-89e5-b8b2e9c68b45" testId="5a8169f3-265a-3b8d-37e9-001613431ec9" testName="UsuarioRestaDosNumerosYElResultadoEsCorrecto" computerName="pkrvmf6wy0o8zjz" duration="00:00:00.0012930" startTime="2025-06-05T06:01:20.7976705+00:00" endTime="2025-06-05T06:01:20.7989637+00:00" testType="13cdc9d9-ddb5-4fa4-a97d-d965ccfc6d4b" outcome="Passed" testListId="8c84fa94-04c1-424b-9868-57a2d4851a1d" relativeResultsDirectory="89c14777-3576-4e44-89e5-b8b2e9c68b45">
      <Output>
        <StdOut>Given El numero 10
-&gt; done: CalculatorTests.DadoElNumero(10) (0.0s)
And el numero 5
-&gt; done: CalculatorTests.yElNumero(5) (0.0s)
When resto
-&gt; done: CalculatorTests.CuandoResto() (0.0s)
Then el resultado es 5
-&gt; done: CalculatorTests.EntoncesElResultadoDeberiaSer(5) (0.0s)</StdOut>
      </Output>
    </UnitTestResult>
    <UnitTestResult executionId="d276c828-a046-4d24-8a98-444c5eabc604" testId="e0b8d05d-c62b-1b60-4017-230f0fbde7e9" testName="UsuarioMultiplicaDosNumerosYElResultadoEsCorrecto" computerName="pkrvmf6wy0o8zjz" duration="00:00:00.0014530" startTime="2025-06-05T06:01:20.7962014+00:00" endTime="2025-06-05T06:01:20.7976546+00:00" testType="13cdc9d9-ddb5-4fa4-a97d-d965ccfc6d4b" outcome="Passed" testListId="8c84fa94-04c1-424b-9868-57a2d4851a1d" relativeResultsDirectory="d276c828-a046-4d24-8a98-444c5eabc604">
      <Output>
        <StdOut>Given El numero 10
-&gt; done: CalculatorTests.DadoElNumero(10) (0.0s)
And el numero 5
-&gt; done: CalculatorTests.yElNumero(5) (0.0s)
When multiplico
-&gt; done: CalculatorTests.CuandoMultiplico() (0.0s)
Then el resultado es 50
-&gt; done: CalculatorTests.EntoncesElResultadoDeberiaSer(50) (0.0s)</StdOut>
      </Output>
    </UnitTestResult>
    <UnitTestResult executionId="33987cb1-4ef2-48c4-94d0-6823e817ee49" testId="e14bf945-c03b-176e-2c25-b6d96f3bdc02" testName="UsuarioIntentaDividirPorCeroYObtieneError" computerName="pkrvmf6wy0o8zjz" duration="00:00:00.0092910" startTime="2025-06-05T06:01:20.7868875+00:00" endTime="2025-06-05T06:01:20.7961788+00:00" testType="13cdc9d9-ddb5-4fa4-a97d-d965ccfc6d4b" outcome="Passed" testListId="8c84fa94-04c1-424b-9868-57a2d4851a1d" relativeResultsDirectory="33987cb1-4ef2-48c4-94d0-6823e817ee49">
      <Output>
        <StdOut>Given El numero 10
-&gt; done: CalculatorTests.DadoElNumero(10) (0.0s)
And el numero 0
-&gt; done: CalculatorTests.yElNumero(0) (0.0s)
When divido
-&gt; done: CalculatorTests.CuandoDivido() (0.0s)
Then obtengo una excepcion de division por cero
-&gt; done: CalculatorTests.EntoncesObtengoUnaExcepcionDeDivisionPorCero() (0.0s)</StdOut>
      </Output>
    </UnitTestResult>
    <UnitTestResult executionId="eb5b1166-50b6-49f4-9e2f-d53449c8fe9d" testId="a13f4f6e-3083-76cd-593e-48118f2f1bb2" testName="UsuarioDivideDosNumerosYElResultadoEsCorrecto" computerName="pkrvmf6wy0o8zjz" duration="00:00:00.1760620" startTime="2025-06-05T06:01:20.6092966+00:00" endTime="2025-06-05T06:01:20.7852777+00:00" testType="13cdc9d9-ddb5-4fa4-a97d-d965ccfc6d4b" outcome="Passed" testListId="8c84fa94-04c1-424b-9868-57a2d4851a1d" relativeResultsDirectory="eb5b1166-50b6-49f4-9e2f-d53449c8fe9d">
      <Output>
        <StdOut>Given El numero 10
-&gt; done: CalculatorTests.DadoElNumero(10) (0.0s)
And el numero 5
-&gt; done: CalculatorTests.yElNumero(5) (0.0s)
When divido
-&gt; done: CalculatorTests.CuandoDivido() (0.0s)
Then el resultado es 2
-&gt; done: CalculatorTests.EntoncesElResultadoDeberiaSer(2) (0.0s)</StdOut>
      </Output>
    </UnitTestResult>
  </Results>
  <TestDefinitions>
    <UnitTest name="UsuarioDivideDosNumerosYElResultadoEsCorrecto" storage="/home/runner/work/lab-2025-i-si784-u2-08-cs-aakhtar004/lab-2025-i-si784-u2-08-cs-aakhtar004/calculator/calculator.domain.tests/bin/debug/net8.0/calculator.domain.tests.dll" id="a13f4f6e-3083-76cd-593e-48118f2f1bb2">
      <Execution id="eb5b1166-50b6-49f4-9e2f-d53449c8fe9d" />
      <TestMethod codeBase="/home/runner/work/lab-2025-i-si784-u2-08-cs-Aakhtar004/lab-2025-i-si784-u2-08-cs-Aakhtar004/Calculator/Calculator.Domain.Tests/bin/Debug/net8.0/Calculator.Domain.Tests.dll" adapterTypeName="executor://nunit3testexecutor/" className="Calculator.Domain.Tests.Features.ComoUsuarioQuieroHacerOperacionesAritmeticasParaCalcularResultadosFeature" name="UsuarioDivideDosNumerosYElResultadoEsCorrecto" />
    </UnitTest>
    <UnitTest name="UsuarioSumaDosNumerosYElResultadoEsCorrecto" storage="/home/runner/work/lab-2025-i-si784-u2-08-cs-aakhtar004/lab-2025-i-si784-u2-08-cs-aakhtar004/calculator/calculator.domain.tests/bin/debug/net8.0/calculator.domain.tests.dll" id="70090154-d662-1ffb-c3d7-4b04b0aeaa67">
      <Execution id="a38ac416-75b7-460c-8bd9-3e8fdc214e99" />
      <TestMethod codeBase="/home/runner/work/lab-2025-i-si784-u2-08-cs-Aakhtar004/lab-2025-i-si784-u2-08-cs-Aakhtar004/Calculator/Calculator.Domain.Tests/bin/Debug/net8.0/Calculator.Domain.Tests.dll" adapterTypeName="executor://nunit3testexecutor/" className="Calculator.Domain.Tests.Features.ComoUsuarioQuieroHacerOperacionesAritmeticasParaCalcularResultadosFeature" name="UsuarioSumaDosNumerosYElResultadoEsCorrecto" />
    </UnitTest>
    <UnitTest name="UsuarioIntentaDividirPorCeroYObtieneError" storage="/home/runner/work/lab-2025-i-si784-u2-08-cs-aakhtar004/lab-2025-i-si784-u2-08-cs-aakhtar004/calculator/calculator.domain.tests/bin/debug/net8.0/calculator.domain.tests.dll" id="e14bf945-c03b-176e-2c25-b6d96f3bdc02">
      <Execution id="33987cb1-4ef2-48c4-94d0-6823e817ee49" />
      <TestMethod codeBase="/home/runner/work/lab-2025-i-si784-u2-08-cs-Aakhtar004/lab-2025-i-si784-u2-08-cs-Aakhtar004/Calculator/Calculator.Domain.Tests/bin/Debug/net8.0/Calculator.Domain.Tests.dll" adapterTypeName="executor://nunit3testexecutor/" className="Calculator.Domain.Tests.Features.ComoUsuarioQuieroHacerOperacionesAritmeticasParaCalcularResultadosFeature" name="UsuarioIntentaDividirPorCeroYObtieneError" />
    </UnitTest>
    <UnitTest name="UsuarioMultiplicaDosNumerosYElResultadoEsCorrecto" storage="/home/runner/work/lab-2025-i-si784-u2-08-cs-aakhtar004/lab-2025-i-si784-u2-08-cs-aakhtar004/calculator/calculator.domain.tests/bin/debug/net8.0/calculator.domain.tests.dll" id="e0b8d05d-c62b-1b60-4017-230f0fbde7e9">
      <Execution id="d276c828-a046-4d24-8a98-444c5eabc604" />
      <TestMethod codeBase="/home/runner/work/lab-2025-i-si784-u2-08-cs-Aakhtar004/lab-2025-i-si784-u2-08-cs-Aakhtar004/Calculator/Calculator.Domain.Tests/bin/Debug/net8.0/Calculator.Domain.Tests.dll" adapterTypeName="executor://nunit3testexecutor/" className="Calculator.Domain.Tests.Features.ComoUsuarioQuieroHacerOperacionesAritmeticasParaCalcularResultadosFeature" name="UsuarioMultiplicaDosNumerosYElResultadoEsCorrecto" />
    </UnitTest>
    <UnitTest name="UsuarioRestaDosNumerosYElResultadoEsCorrecto" storage="/home/runner/work/lab-2025-i-si784-u2-08-cs-aakhtar004/lab-2025-i-si784-u2-08-cs-aakhtar004/calculator/calculator.domain.tests/bin/debug/net8.0/calculator.domain.tests.dll" id="5a8169f3-265a-3b8d-37e9-001613431ec9">
      <Execution id="89c14777-3576-4e44-89e5-b8b2e9c68b45" />
      <TestMethod codeBase="/home/runner/work/lab-2025-i-si784-u2-08-cs-Aakhtar004/lab-2025-i-si784-u2-08-cs-Aakhtar004/Calculator/Calculator.Domain.Tests/bin/Debug/net8.0/Calculator.Domain.Tests.dll" adapterTypeName="executor://nunit3testexecutor/" className="Calculator.Domain.Tests.Features.ComoUsuarioQuieroHacerOperacionesAritmeticasParaCalcularResultadosFeature" name="UsuarioRestaDosNumerosYElResultadoEsCorrecto" />
    </UnitTest>
  </TestDefinitions>
  <TestEntries>
    <TestEntry testId="70090154-d662-1ffb-c3d7-4b04b0aeaa67" executionId="a38ac416-75b7-460c-8bd9-3e8fdc214e99" testListId="8c84fa94-04c1-424b-9868-57a2d4851a1d" />
    <TestEntry testId="5a8169f3-265a-3b8d-37e9-001613431ec9" executionId="89c14777-3576-4e44-89e5-b8b2e9c68b45" testListId="8c84fa94-04c1-424b-9868-57a2d4851a1d" />
    <TestEntry testId="e0b8d05d-c62b-1b60-4017-230f0fbde7e9" executionId="d276c828-a046-4d24-8a98-444c5eabc604" testListId="8c84fa94-04c1-424b-9868-57a2d4851a1d" />
    <TestEntry testId="e14bf945-c03b-176e-2c25-b6d96f3bdc02" executionId="33987cb1-4ef2-48c4-94d0-6823e817ee49" testListId="8c84fa94-04c1-424b-9868-57a2d4851a1d" />
    <TestEntry testId="a13f4f6e-3083-76cd-593e-48118f2f1bb2" executionId="eb5b1166-50b6-49f4-9e2f-d53449c8fe9d" testListId="8c84fa94-04c1-424b-9868-57a2d4851a1d" />
  </TestEntries>
  <TestLists>
    <TestList name="Results Not in a List" id="8c84fa94-04c1-424b-9868-57a2d4851a1d" />
    <TestList name="All Loaded Results" id="19431567-8539-422a-85d7-44ee4e166bda" />
  </TestLists>
  <ResultSummary outcome="Completed">
    <Counters total="5" executed="5" passed="5" failed="0" error="0" timeout="0" aborted="0" inconclusive="0" passedButRunAborted="0" notRunnable="0" notExecuted="0" disconnected="0" warning="0" completed="0" inProgress="0" pending="0" />
    <Output>
      <StdOut>NUnit Adapter 4.6.0.0: Test execution started
Running all tests in /home/runner/work/lab-2025-i-si784-u2-08-cs-Aakhtar004/lab-2025-i-si784-u2-08-cs-Aakhtar004/Calculator/Calculator.Domain.Tests/bin/Debug/net8.0/Calculator.Domain.Tests.dll
   NUnit3TestExecutor discovered 5 of 5 NUnit test cases using Current Discovery mode, Non-Explicit run
Given El numero 10
-&gt; done: CalculatorTests.DadoElNumero(10) (0.0s)
And el numero 5
-&gt; done: CalculatorTests.yElNumero(5) (0.0s)
When divido
-&gt; done: CalculatorTests.CuandoDivido() (0.0s)
Then el resultado es 2
-&gt; done: CalculatorTests.EntoncesElResultadoDeberiaSer(2) (0.0s)

Given El numero 10
-&gt; done: CalculatorTests.DadoElNumero(10) (0.0s)
And el numero 0
-&gt; done: CalculatorTests.yElNumero(0) (0.0s)
When divido
-&gt; done: CalculatorTests.CuandoDivido() (0.0s)
Then obtengo una excepcion de division por cero
-&gt; done: CalculatorTests.EntoncesObtengoUnaExcepcionDeDivisionPorCero() (0.0s)

Given El numero 10
-&gt; done: CalculatorTests.DadoElNumero(10) (0.0s)
And el numero 5
-&gt; done: CalculatorTests.yElNumero(5) (0.0s)
When multiplico
-&gt; done: CalculatorTests.CuandoMultiplico() (0.0s)
Then el resultado es 50
-&gt; done: CalculatorTests.EntoncesElResultadoDeberiaSer(50) (0.0s)

Given El numero 10
-&gt; done: CalculatorTests.DadoElNumero(10) (0.0s)
And el numero 5
-&gt; done: CalculatorTests.yElNumero(5) (0.0s)
When resto
-&gt; done: CalculatorTests.CuandoResto() (0.0s)
Then el resultado es 5
-&gt; done: CalculatorTests.EntoncesElResultadoDeberiaSer(5) (0.0s)

Given El numero 10
-&gt; done: CalculatorTests.DadoElNumero(10) (0.0s)
And el numero 5
-&gt; done: CalculatorTests.yElNumero(5) (0.0s)
When sumo
-&gt; done: CalculatorTests.CuandoSumo() (0.0s)
Then el resultado es 15
-&gt; done: CalculatorTests.EntoncesElResultadoDeberiaSer(15) (0.0s)

NUnit Adapter 4.6.0.0: Test execution complete
</StdOut>
    </Output>
    <CollectorDataEntries>
      <Collector agentName="pkrvmf6wy0o8zjz" uri="datacollector://microsoft/CoverletCodeCoverage/1.0" collectorDisplayName="XPlat code coverage">
        <UriAttachments>
          <UriAttachment>
            <A href="pkrvmf6wy0o8zjz/coverage.cobertura.xml"></A>
          </UriAttachment>
        </UriAttachments>
      </Collector>
    </CollectorDataEntries>
  </ResultSummary>
</TestRun>